00:56:58:031  WARN 4580 --- [Thread-4] c.a.nacos.common.notify.NotifyCenter     : [NotifyCenter] Start destroying Publisher
00:56:58:033  WARN 4580 --- [Thread-7] c.a.n.common.http.HttpClientBeanHolder   : [HttpClientBeanHolder] Start destroying common HttpClient
00:56:58:072  WARN 4580 --- [Thread-4] c.a.nacos.common.notify.NotifyCenter     : [NotifyCenter] Destruction of the end
00:56:58:079  WARN 4580 --- [Thread-7] c.a.n.common.http.HttpClientBeanHolder   : [HttpClientBeanHolder] Destruction of the end
00:56:58:991  INFO 4580 --- [SpringApplicationShutdownHook] c.a.c.n.registry.NacosServiceRegistry    : De-registering from Nacos Server now...
00:56:58:998  INFO 4580 --- [SpringApplicationShutdownHook] c.a.c.n.registry.NacosServiceRegistry    : De-registration finished.
00:56:59:321  INFO 4580 --- [SpringApplicationShutdownHook] com.alibaba.nacos.common.remote.client   : Shutdown rpc client, set status to shutdown
00:56:59:380  INFO 4580 --- [SpringApplicationShutdownHook] com.alibaba.nacos.common.remote.client   : Shutdown client event executor java.util.concurrent.ScheduledThreadPoolExecutor@35bec79d[Running, pool size = 2, active threads = 2, queued tasks = 0, completed tasks = 0]
00:56:59:380  INFO 4580 --- [SpringApplicationShutdownHook] com.alibaba.nacos.common.remote.client   : Close current connection 1702183849192_192.168.61.1_6964
00:56:59:416  INFO 4580 --- [nacos-grpc-client-executor-786] c.a.n.c.remote.client.grpc.GrpcClient    : [1702183849192_192.168.61.1_6964]Ignore complete event,isRunning:false,isAbandon=false
00:56:59:439  INFO 4580 --- [SpringApplicationShutdownHook] c.a.n.c.remote.client.grpc.GrpcClient    : Shutdown grpc executor java.util.concurrent.ThreadPoolExecutor@3dc51c5f[Running, pool size = 5, active threads = 0, queued tasks = 0, completed tasks = 787]
00:56:59:459  INFO 4580 --- [SpringApplicationShutdownHook] com.zaxxer.hikari.HikariDataSource       : HikariPool-1 - Shutdown initiated...
00:56:59:472  INFO 4580 --- [SpringApplicationShutdownHook] com.zaxxer.hikari.HikariDataSource       : HikariPool-1 - Shutdown completed.
22:44:16:146  INFO 5536 --- [main] com.hmall.pay.PayApplication             : Starting PayApplication using Java 11 on DESKTOP-QSHNEPP with PID 5536 (F:\BaiduNetdiskDownload\Cloud_learn\微服务1\hmall\pay-service\target\classes started by 86173 in F:\BaiduNetdiskDownload\Cloud_learn\微服务1\hmall)
22:44:16:149 DEBUG 5536 --- [main] com.hmall.pay.PayApplication             : Running with Spring Boot v2.7.12, Spring v5.3.27
22:44:16:150  INFO 5536 --- [main] com.hmall.pay.PayApplication             : The following 1 profile is active: "local"
22:44:17:567  INFO 5536 --- [main] o.s.cloud.context.scope.GenericScope     : BeanFactory id=e67f88f2-08c8-38b6-96aa-d71a47b8bdfe
22:44:18:352  INFO 5536 --- [main] o.s.b.w.embedded.tomcat.TomcatWebServer  : Tomcat initialized with port(s): 8090 (http)
22:44:18:373  INFO 5536 --- [main] o.apache.catalina.core.StandardService   : Starting service [Tomcat]
22:44:18:373  INFO 5536 --- [main] org.apache.catalina.core.StandardEngine  : Starting Servlet engine: [Apache Tomcat/9.0.75]
22:44:18:639  INFO 5536 --- [main] o.a.c.c.C.[Tomcat].[localhost].[/]       : Initializing Spring embedded WebApplicationContext
22:44:18:639  INFO 5536 --- [main] w.s.c.ServletWebServerApplicationContext : Root WebApplicationContext: initialization completed in 2433 ms
22:44:18:950  INFO 5536 --- [main] o.s.c.openfeign.FeignClientFactoryBean   : For 'user-service' URL not provided. Will try picking an instance via load-balancing.
22:44:19:038  INFO 5536 --- [main] o.s.c.openfeign.FeignClientFactoryBean   : For 'trade-service' URL not provided. Will try picking an instance via load-balancing.
22:44:23:425  INFO 5536 --- [main] pertySourcedRequestMappingHandlerMapping : Mapped URL path [/v2/api-docs] onto method [springfox.documentation.swagger2.web.Swagger2ControllerWebMvc#getDocumentation(String, HttpServletRequest)]
22:44:24:862  INFO 5536 --- [main] com.alibaba.nacos.common.remote.client   : [RpcClientFactory] create a new rpc client of e7ce2dfe-1304-417f-a10e-0801ce6f0547
22:44:24:935  INFO 5536 --- [main] org.reflections.Reflections              : Reflections took 40 ms to scan 1 urls, producing 3 keys and 6 values 
22:44:24:981  INFO 5536 --- [main] org.reflections.Reflections              : Reflections took 19 ms to scan 1 urls, producing 4 keys and 9 values 
22:44:25:002  INFO 5536 --- [main] org.reflections.Reflections              : Reflections took 15 ms to scan 1 urls, producing 3 keys and 10 values 
22:44:25:007  WARN 5536 --- [main] org.reflections.Reflections              : given scan urls are empty. set urls in the configuration
22:44:25:022  INFO 5536 --- [main] org.reflections.Reflections              : Reflections took 13 ms to scan 1 urls, producing 1 keys and 5 values 
22:44:25:040  INFO 5536 --- [main] org.reflections.Reflections              : Reflections took 15 ms to scan 1 urls, producing 1 keys and 7 values 
22:44:25:058  INFO 5536 --- [main] org.reflections.Reflections              : Reflections took 14 ms to scan 1 urls, producing 2 keys and 8 values 
22:44:25:062  WARN 5536 --- [main] org.reflections.Reflections              : given scan urls are empty. set urls in the configuration
22:44:25:066  INFO 5536 --- [main] com.alibaba.nacos.common.remote.client   : [e7ce2dfe-1304-417f-a10e-0801ce6f0547] RpcClient init label, labels = {module=naming, source=sdk}
22:44:25:073  INFO 5536 --- [main] com.alibaba.nacos.common.remote.client   : [e7ce2dfe-1304-417f-a10e-0801ce6f0547] RpcClient init, ServerListFactory = com.alibaba.nacos.client.naming.core.ServerListManager
22:44:25:074  INFO 5536 --- [main] com.alibaba.nacos.common.remote.client   : [e7ce2dfe-1304-417f-a10e-0801ce6f0547] Registry connection listener to current client:com.alibaba.nacos.client.naming.remote.gprc.redo.NamingGrpcRedoService
22:44:25:075  INFO 5536 --- [main] com.alibaba.nacos.common.remote.client   : [e7ce2dfe-1304-417f-a10e-0801ce6f0547] Register server push request handler:com.alibaba.nacos.client.naming.remote.gprc.NamingPushRequestHandler
22:44:25:077  INFO 5536 --- [main] com.alibaba.nacos.common.remote.client   : [e7ce2dfe-1304-417f-a10e-0801ce6f0547] Try to connect to server on start up, server: {serverIp = '192.168.61.130', server main port = 8848}
22:44:28:512  INFO 5536 --- [main] com.alibaba.nacos.common.remote.client   : [e7ce2dfe-1304-417f-a10e-0801ce6f0547] Success to connect to server [192.168.61.130:8848] on start up, connectionId = 1702194684314_192.168.61.1_4567
22:44:28:513  INFO 5536 --- [com.alibaba.nacos.client.remote.worker] com.alibaba.nacos.common.remote.client   : [e7ce2dfe-1304-417f-a10e-0801ce6f0547] Notify connected event to listeners.
22:44:28:514  INFO 5536 --- [main] com.alibaba.nacos.common.remote.client   : [e7ce2dfe-1304-417f-a10e-0801ce6f0547] Register server push request handler:com.alibaba.nacos.common.remote.client.RpcClient$ConnectResetRequestHandler
22:44:28:514  INFO 5536 --- [main] com.alibaba.nacos.common.remote.client   : [e7ce2dfe-1304-417f-a10e-0801ce6f0547] Register server push request handler:com.alibaba.nacos.common.remote.client.RpcClient$$Lambda$975/0x000000080070e040
22:44:28:596  INFO 5536 --- [main] o.s.b.w.embedded.tomcat.TomcatWebServer  : Tomcat started on port(s): 8090 (http) with context path ''
22:44:28:611  INFO 5536 --- [main] c.a.c.n.registry.NacosServiceRegistry    : nacos registry, DEFAULT_GROUP pay-service 192.168.61.1:8090 register finished
22:44:29:078  INFO 5536 --- [nacos-grpc-client-executor-10] com.alibaba.nacos.common.remote.client   : [e7ce2dfe-1304-417f-a10e-0801ce6f0547] Receive server push request, request = NotifySubscriberRequest, requestId = 65
22:44:29:082  INFO 5536 --- [nacos-grpc-client-executor-10] com.alibaba.nacos.common.remote.client   : [e7ce2dfe-1304-417f-a10e-0801ce6f0547] Ack server push request, request = NotifySubscriberRequest, requestId = 65
22:44:29:517  INFO 5536 --- [main] d.s.w.p.DocumentationPluginsBootstrapper : Documentation plugins bootstrapped
22:44:29:523  INFO 5536 --- [main] d.s.w.p.DocumentationPluginsBootstrapper : Found 1 custom documentation plugin(s)
22:44:29:566  INFO 5536 --- [main] s.d.s.w.s.ApiListingReferenceScanner     : Scanning for api listing references
22:44:29:699  INFO 5536 --- [main] com.hmall.pay.PayApplication             : Started PayApplication in 15.153 seconds (JVM running for 16.86)
