00:00:46:133 DEBUG 14780 --- [http-nio-8089-exec-10] c.h.trade.mapper.OrderMapper.selectById  : ==>  Preparing: SELECT id,total_fee,payment_type,user_id,status,create_time,pay_time,consign_time,end_time,close_time,comment_time,update_time FROM `order` WHERE id=?
00:00:46:138 DEBUG 14780 --- [http-nio-8089-exec-10] c.h.trade.mapper.OrderMapper.selectById  : ==> Parameters: 1654779387523936258(Long)
00:00:46:141 DEBUG 14780 --- [http-nio-8089-exec-10] c.h.trade.mapper.OrderMapper.selectById  : <==      Total: 1
00:56:56:053  WARN 14780 --- [Thread-7] c.a.n.common.http.HttpClientBeanHolder   : [HttpClientBeanHolder] Start destroying common HttpClient
00:56:56:053  WARN 14780 --- [Thread-4] c.a.nacos.common.notify.NotifyCenter     : [NotifyCenter] Start destroying Publisher
00:56:56:077  WARN 14780 --- [Thread-4] c.a.nacos.common.notify.NotifyCenter     : [NotifyCenter] Destruction of the end
00:56:56:090  WARN 14780 --- [Thread-7] c.a.n.common.http.HttpClientBeanHolder   : [HttpClientBeanHolder] Destruction of the end
00:56:57:070  INFO 14780 --- [SpringApplicationShutdownHook] c.a.c.n.registry.NacosServiceRegistry    : De-registering from Nacos Server now...
00:56:57:080  INFO 14780 --- [SpringApplicationShutdownHook] c.a.c.n.registry.NacosServiceRegistry    : De-registration finished.
00:56:57:413  INFO 14780 --- [SpringApplicationShutdownHook] com.alibaba.nacos.common.remote.client   : Shutdown rpc client, set status to shutdown
00:56:57:413  INFO 14780 --- [SpringApplicationShutdownHook] com.alibaba.nacos.common.remote.client   : Shutdown client event executor java.util.concurrent.ScheduledThreadPoolExecutor@737aee5[Running, pool size = 2, active threads = 2, queued tasks = 0, completed tasks = 0]
00:56:57:414  INFO 14780 --- [SpringApplicationShutdownHook] com.alibaba.nacos.common.remote.client   : Close current connection 1702180707266_192.168.61.1_2294
00:56:57:418  INFO 14780 --- [nacos-grpc-client-executor-1665] c.a.n.c.remote.client.grpc.GrpcClient    : [1702180707266_192.168.61.1_2294]Ignore complete event,isRunning:false,isAbandon=false
00:56:57:428  INFO 14780 --- [SpringApplicationShutdownHook] c.a.n.c.remote.client.grpc.GrpcClient    : Shutdown grpc executor java.util.concurrent.ThreadPoolExecutor@79c9f289[Running, pool size = 5, active threads = 0, queued tasks = 0, completed tasks = 1666]
00:56:57:444  INFO 14780 --- [SpringApplicationShutdownHook] com.zaxxer.hikari.HikariDataSource       : HikariPool-1 - Shutdown initiated...
00:56:57:486  INFO 14780 --- [SpringApplicationShutdownHook] com.zaxxer.hikari.HikariDataSource       : HikariPool-1 - Shutdown completed.
22:44:21:335  INFO 22236 --- [main] com.hmall.trade.TradeApplication         : Starting TradeApplication using Java 11 on DESKTOP-QSHNEPP with PID 22236 (F:\BaiduNetdiskDownload\Cloud_learn\微服务1\hmall\trade-service\target\classes started by 86173 in F:\BaiduNetdiskDownload\Cloud_learn\微服务1\hmall)
22:44:21:339 DEBUG 22236 --- [main] com.hmall.trade.TradeApplication         : Running with Spring Boot v2.7.12, Spring v5.3.27
22:44:21:340  INFO 22236 --- [main] com.hmall.trade.TradeApplication         : The following 1 profile is active: "local"
22:44:22:899  INFO 22236 --- [main] o.s.cloud.context.scope.GenericScope     : BeanFactory id=777f98fe-cf7e-3693-b86c-25ea08a40685
22:44:23:536  INFO 22236 --- [main] o.s.b.w.embedded.tomcat.TomcatWebServer  : Tomcat initialized with port(s): 8089 (http)
22:44:23:550  INFO 22236 --- [main] o.apache.catalina.core.StandardService   : Starting service [Tomcat]
22:44:23:551  INFO 22236 --- [main] org.apache.catalina.core.StandardEngine  : Starting Servlet engine: [Apache Tomcat/9.0.75]
22:44:23:807  INFO 22236 --- [main] o.a.c.c.C.[Tomcat].[localhost].[/]       : Initializing Spring embedded WebApplicationContext
22:44:23:808  INFO 22236 --- [main] w.s.c.ServletWebServerApplicationContext : Root WebApplicationContext: initialization completed in 2402 ms
22:44:24:112  INFO 22236 --- [main] o.s.c.openfeign.FeignClientFactoryBean   : For 'item-service' URL not provided. Will try picking an instance via load-balancing.
22:44:27:066  INFO 22236 --- [main] o.s.c.openfeign.FeignClientFactoryBean   : For 'cart-service' URL not provided. Will try picking an instance via load-balancing.
22:44:28:759  INFO 22236 --- [main] pertySourcedRequestMappingHandlerMapping : Mapped URL path [/v2/api-docs] onto method [springfox.documentation.swagger2.web.Swagger2ControllerWebMvc#getDocumentation(String, HttpServletRequest)]
22:44:30:041  INFO 22236 --- [main] com.alibaba.nacos.common.remote.client   : [RpcClientFactory] create a new rpc client of 3af8e177-77d6-4af8-a4f9-d0a3ef77b886
22:44:30:119  INFO 22236 --- [main] org.reflections.Reflections              : Reflections took 44 ms to scan 1 urls, producing 3 keys and 6 values 
22:44:30:183  INFO 22236 --- [main] org.reflections.Reflections              : Reflections took 34 ms to scan 1 urls, producing 4 keys and 9 values 
22:44:30:208  INFO 22236 --- [main] org.reflections.Reflections              : Reflections took 17 ms to scan 1 urls, producing 3 keys and 10 values 
22:44:30:214  WARN 22236 --- [main] org.reflections.Reflections              : given scan urls are empty. set urls in the configuration
22:44:30:233  INFO 22236 --- [main] org.reflections.Reflections              : Reflections took 17 ms to scan 1 urls, producing 1 keys and 5 values 
22:44:30:255  INFO 22236 --- [main] org.reflections.Reflections              : Reflections took 18 ms to scan 1 urls, producing 1 keys and 7 values 
22:44:30:278  INFO 22236 --- [main] org.reflections.Reflections              : Reflections took 18 ms to scan 1 urls, producing 2 keys and 8 values 
22:44:30:283  WARN 22236 --- [main] org.reflections.Reflections              : given scan urls are empty. set urls in the configuration
22:44:30:284  INFO 22236 --- [main] com.alibaba.nacos.common.remote.client   : [3af8e177-77d6-4af8-a4f9-d0a3ef77b886] RpcClient init label, labels = {module=naming, source=sdk}
22:44:30:288  INFO 22236 --- [main] com.alibaba.nacos.common.remote.client   : [3af8e177-77d6-4af8-a4f9-d0a3ef77b886] RpcClient init, ServerListFactory = com.alibaba.nacos.client.naming.core.ServerListManager
22:44:30:288  INFO 22236 --- [main] com.alibaba.nacos.common.remote.client   : [3af8e177-77d6-4af8-a4f9-d0a3ef77b886] Registry connection listener to current client:com.alibaba.nacos.client.naming.remote.gprc.redo.NamingGrpcRedoService
22:44:30:290  INFO 22236 --- [main] com.alibaba.nacos.common.remote.client   : [3af8e177-77d6-4af8-a4f9-d0a3ef77b886] Register server push request handler:com.alibaba.nacos.client.naming.remote.gprc.NamingPushRequestHandler
22:44:30:294  INFO 22236 --- [main] com.alibaba.nacos.common.remote.client   : [3af8e177-77d6-4af8-a4f9-d0a3ef77b886] Try to connect to server on start up, server: {serverIp = '192.168.61.130', server main port = 8848}
22:44:33:545  INFO 22236 --- [main] com.alibaba.nacos.common.remote.client   : [3af8e177-77d6-4af8-a4f9-d0a3ef77b886] Success to connect to server [192.168.61.130:8848] on start up, connectionId = 1702194689784_192.168.61.1_4618
22:44:33:545  INFO 22236 --- [com.alibaba.nacos.client.remote.worker] com.alibaba.nacos.common.remote.client   : [3af8e177-77d6-4af8-a4f9-d0a3ef77b886] Notify connected event to listeners.
22:44:33:546  INFO 22236 --- [main] com.alibaba.nacos.common.remote.client   : [3af8e177-77d6-4af8-a4f9-d0a3ef77b886] Register server push request handler:com.alibaba.nacos.common.remote.client.RpcClient$ConnectResetRequestHandler
22:44:33:547  INFO 22236 --- [main] com.alibaba.nacos.common.remote.client   : [3af8e177-77d6-4af8-a4f9-d0a3ef77b886] Register server push request handler:com.alibaba.nacos.common.remote.client.RpcClient$$Lambda$973/0x0000000800745840
22:44:33:612  INFO 22236 --- [main] o.s.b.w.embedded.tomcat.TomcatWebServer  : Tomcat started on port(s): 8089 (http) with context path ''
22:44:33:630  INFO 22236 --- [main] c.a.c.n.registry.NacosServiceRegistry    : nacos registry, DEFAULT_GROUP trade-service 192.168.61.1:8089 register finished
22:44:34:135  INFO 22236 --- [nacos-grpc-client-executor-8] com.alibaba.nacos.common.remote.client   : [3af8e177-77d6-4af8-a4f9-d0a3ef77b886] Receive server push request, request = NotifySubscriberRequest, requestId = 66
22:44:34:139  INFO 22236 --- [nacos-grpc-client-executor-8] com.alibaba.nacos.common.remote.client   : [3af8e177-77d6-4af8-a4f9-d0a3ef77b886] Ack server push request, request = NotifySubscriberRequest, requestId = 66
22:44:34:479  INFO 22236 --- [main] d.s.w.p.DocumentationPluginsBootstrapper : Documentation plugins bootstrapped
22:44:34:483  INFO 22236 --- [main] d.s.w.p.DocumentationPluginsBootstrapper : Found 1 custom documentation plugin(s)
22:44:34:511  INFO 22236 --- [main] s.d.s.w.s.ApiListingReferenceScanner     : Scanning for api listing references
22:44:34:629  INFO 22236 --- [main] com.hmall.trade.TradeApplication         : Started TradeApplication in 15.004 seconds (JVM running for 17.09)
